4 5 6 3 2 1 0 
2 5 6 7 4 5 7 8 6 3 4 5 1 5 4 3 2 0 2 3 1 2 4 3 
2 1 4 3 4 2 0 2 1 6 7 5 8 7 6 8 7 8 4 5 3 4 6 7 5 2 5 4 5 3 
1 2 0 4 3 5 4 5 2 6 7 5 4 3 1 7 6 5 7 6 7 4 5 3 4 5 7 6 2 3 4 
3 2 1 2 3 4 5 6 0 2 3 1 8 9 7 8 6 5 4 3 6 5 4 5 2 3 4 5 
1 2 0 1 
1 0 4 5 3 4 5 2 7 6 7 8 9 10 5 9 8 9 7 8 6 7 4 6 7 8 9 5 8 7 8 11 10 11 9 6 3 1 4 3 5 4 2 3 
3 2 4 3 1 4 5 3 4 2 4 3 0 
2 3 1 0 1 2 
4 5 3 5 4 2 1 2 0 3 2 1 3 4 2 
3 2 4 3 6 5 4 1 4 5 3 5 4 2 4 6 7 8 5 3 5 4 5 0 3 6 8 7 5 9 8 7 8 6 7 4 5 2 1 3 5 6 4 2 
3 2 5 4 5 3 1 2 3 4 0 2 3 1 2 4 3 
1 2 5 4 3 0 4 5 3 2 1 3 4 2 3 
0 1 2 
1 0 3 2 3 1 3 5 4 5 2 4 3 
1 0 1 4 5 3 5 4 7 9 8 6 8 9 7 5 6 2 5 6 4 6 5 6 3 
4 3 4 2 3 1 2 4 3 0 5 4 7 8 6 5 7 6 3 5 4 2 1 2 
1 0 1 2 
3 2 1 0 3 2 4 3 1 3 4 2 
3 4 2 4 3 1 2 3 4 5 0 2 3 1 2 
