4 3 6 5 6 4 6 7 5 6 2 5 6 4 6 5 3 1 6 5 6 4 5 3 4 7 6 5 8 7 8 6 2 3 5 4 9 8 9 7 6 5 7 6 0 1 2 5 6 4 5 3 5 4 5 
4 3 2 4 3 1 4 5 3 7 6 5 4 2 5 4 3 5 7 6 4 0 2 1 
2 3 1 5 4 6 5 6 7 3 4 5 2 4 3 0 1 4 3 4 2 5 4 3 4 
3 6 5 6 4 6 7 5 7 6 8 7 2 5 4 5 3 8 10 9 7 6 8 7 5 4 5 6 1 4 3 5 4 2 0 4 3 6 5 4 5 2 3 4 6 5 1 
1 0 1 2 4 3 
3 2 1 3 2 4 6 5 6 3 4 0 3 4 2 1 4 5 3 2 4 3 6 7 5 6 8 7 4 
3 4 2 3 1 5 4 5 8 7 8 6 3 4 2 4 3 0 8 9 7 8 6 5 7 8 6 7 4 5 3 4 5 2 1 3 2 
4 5 3 2 7 6 5 4 5 3 1 7 6 8 7 5 7 6 8 7 9 8 4 5 3 4 6 10 11 9 8 10 9 7 9 8 5 2 5 4 3 4 0 2 1 3 2 
8 7 6 5 7 6 4 5 3 4 2 1 2 3 0 3 2 1 4 3 2 3 4 6 7 5 
2 1 5 4 6 5 3 6 5 4 2 7 8 6 5 4 5 3 7 6 5 4 10 9 8 9 10 7 6 5 6 0 1 
3 4 2 1 3 6 5 4 5 2 3 0 1 
5 7 8 6 8 7 4 8 7 6 5 3 2 4 3 4 1 4 3 5 6 4 6 7 8 5 6 8 7 2 5 4 6 5 6 3 0 3 5 4 2 6 5 8 9 7 6 7 4 7 8 6 7 5 7 8 6 3 5 4 1 2 5 4 5 8 7 8 6 3 4 
0 1 
2 1 2 5 4 3 4 5 0 1 
1 5 4 3 2 0 4 3 5 4 5 2 5 6 4 3 1 3 2 
3 2 1 2 0 4 3 2 3 1 4 3 4 2 3 
3 5 4 2 3 1 5 4 5 6 3 7 8 6 10 9 10 8 11 10 12 11 12 9 7 5 7 6 4 7 9 8 9 10 6 7 5 6 7 8 2 7 6 5 6 4 6 5 3 5 4 8 7 6 7 9 8 9 5 6 7 0 1 2 
2 1 0 3 2 1 
4 6 5 3 2 1 4 3 2 0 1 2 4 3 
4 3 4 2 3 1 3 5 4 5 2 4 3 4 0 
1 0 
2 1 2 3 0 1 3 4 2 
1 2 0 2 4 5 3 5 6 7 4 1 5 8 7 6 4 6 5 7 6 3 4 5 2 
5 6 4 6 5 3 6 5 4 5 8 7 10 11 9 8 9 10 6 8 7 8 2 4 5 6 10 9 8 7 3 4 6 7 5 6 1 2 4 3 0 4 3 6 8 7 5 4 5 2 3 4 5 1 5 6 10 9 8 7 9 8 4 5 3 4 6 7 5 2 4 3 
4 5 3 5 4 2 5 4 5 6 7 3 5 6 4 1 3 2 0 7 6 5 6 4 8 9 7 8 6 5 3 5 6 10 9 8 9 7 4 7 6 5 6 2 7 8 6 5 6 4 7 6 5 3 5 4 1 5 4 8 7 6 5 6 3 6 5 7 6 8 7 12 11 12 10 9 8 4 2 
3 2 1 3 2 5 4 3 0 4 5 3 4 2 3 4 5 1 2 4 3 4 5 
3 4 5 2 3 1 2 3 0 3 4 2 3 1 7 8 6 5 4 3 4 2 5 6 7 4 3 4 
1 2 3 5 6 7 4 5 0 2 1 5 4 3 2 3 
3 2 6 7 5 4 5 6 3 6 5 4 6 5 1 3 4 2 0 2 1 6 5 7 6 4 5 8 7 8 9 6 3 6 5 6 4 5 2 4 3 4 
3 4 6 7 5 2 6 5 6 4 5 3 1 3 2 0 4 5 3 5 7 6 7 4 2 1 3 2 
