00993 Lin         Franceschini
03756 Maya        Logue
06115 Reynaldo    Mizer
08058 Sherril     Herren
11135 Elmo        Goewey
11900 Katrina     Goewey
12309 Karma       Mizer
13174 Raymon      Espey
14924 Maud        Guardiola
16066 Fabiola     Cavin
16696 Adell       Dierking
19503 Gwendolyn   Tibbles
22027 Lynelle     Goewey
24633 Saundra     Lipscomb
25422 Monroe      Wilsey
26683 Rosana      Mizer
29669 Providencia Goewey
32154 Catalina    Mizer
34381 Bernetta    Riemann
37131 Sherrie     Mizer
39565 Sergio      Mizer
41994 Tabetha     Schirmer
43921 Leandra     Kleeman
45524 Mike        Quigley
46413 Lavette     Heth
46904 Glennis     Flaherty
49210 Laronda     Goewey
51387 Cira        Mizer
52416 Mickie      Sandiford
53512 Antonette   Kleeman

Goewey 5
Kleeman 2
Mizer 7
