00930 Raymon    Espey
02881 Samatha   Burruss
04162 Jerrell   Eves
06095 Williams  Dodd
07761 Tamisha   Hoefler
08149 Cecile    Swann
09376 Chante    Verona
10743 Adelina   Bier
12023 Kittie    Freitag
14064 Anastacia Crayton
14878 Bernetta  Riemann
15895 Lexie     Gill
17124 Tabetha   Schirmer
18443 Allegra   Shaddix
19465 Treena    Rambert
20758 Sarina    Britt
22088 Elli      Dockins
23422 Nathan    Treanor
24453 Collette  Grauer
25398 Santiago  Zygmont
25755 Jaimee    Crespo
27470 Lang      Hammill
28273 Alfonzo   Pruneda
29208 Adah      Baize
30507 Suzie     Gaulke
32792 Maryland  Stuhr
34135 Shari     Roush
36521 Terisa    Kitzman
37759 Dominque  Brannan
39113 Lakeisha  Caufield
41140 Breanne   Mule
42171 Mui       Roussell
43932 Lynwood   Liston
44741 Cassi     Calles
45804 Marya     Mayoral
46716 Eliseo    Sowards
48506 Alda      Luton
50732 Sam       Sexton
50763 Felisa    Rodriguz
51047 Krystal   Poage
