 -617  -631   612   338  -627   644  -178   434  -441   985  -553  -860   724   410  -698   766  -321   593  -172   430  -615   332   538  -889  -525 
 -617  -631   612  -279   -15  1256   434  1690   815  2241  1137  1381  2965  2651  2267  3731  2644  4324  3559  4161  3709  4656  4699  3767  4174 

  867  -149   426  -441   -18   312  -963   -11  -724  -743  -241   622  -837   552   592   478   835   184  -122   631   488   701 
  867  -149  1293   426  1275  1605   330  1594   881   862  1353  2216   516  2768  2808  2694  3643  2992  3481  4274  4131  4975 

  940   172   493  -281  -970   -42   750   660  -139   142  -363  -331  -507  -550  -293  -251  -350  -294  -264   998   512  -529   946   302   795 
  940   172  1433   659   463  1391  2183  2051  2044  2325  1820  1994  1818  1775  1701  1743  1468  1481  1479  2741  1993  2212  3687  3043  4482 

 -996   914   517  -921 
 -996   914   517    -7 

 -264  -513   724  -374   478    77   330  -934   718   690   220   124   251    55   235   656  -336   381   849   926  -593   243   933    31  -776   611  -852 
 -264  -513   724  -638  1202   801  1054   268  1920  1744  2140  2044  2171  2195  2406  2851  2039  3208  3700  3777  3107  4020  4710  3974  3934  5321  3858 

  641   811   715  -204   447   446   973   948   405   704  -723  -896   677  -854    95  -978   556  -899   216   108    44  -804    26   176  -833  -573  -963  -841  -237   361 
  641   811  1356   607  1803  1802  2329  2751  2734  3455  2028  2137  4132  2601  4227  3154  4688  3328  4904  4796  4732  4100  4930  4972  4097  4399  4009  4131  4162  4760 

  481  -132   359   108   336   616    15   286   427   -70   817  -500  -490  -312  -775  -186  -713   -81  -389  -485  -633   851   -32   458    60   -44   869    71 
  481  -132   840   589  1176  1456   855  1742  1883  1392  2700  1383  2069  2388  1925  2202  1675  2307  1813  1822  1674  3158  1790  3616  3218  3114  4485  3687 

  725  -661   136   -77   314  -887  -724    54   709   806   294  -515 
  725  -661   861   648  1175   -26   315  1229  1884  2035  2178  1369 

  855   996   278    37 
  855   996  1133  1033 

 -835  -746   481  -445   857   503  -886  -378  -433    -9   -59   529   -19   921  -312   766    18   514  -268   277    36   125    46 
 -835  -746   481 -1191  1338   984  -405   960   905   975   901  1504   956  2410  1192  2662  2428  2924  2394  3201  2960  3064  3247 

