Test Case No:1
k:7 count:70 cost:206
(0,0)->(1,0)->(1,1)->(1,2)->(1,3)->(2,3)->(3,3)->(4,3)->(4,4)

Test Case No:2
k:3 count:6 cost:271
(0,0)->(0,1)->(1,1)->(1,2)->(1,3)->(1,4)->(1,5)->(2,5)
k:4 count:9 cost:241
(0,0)->(0,1)->(0,2)->(0,3)->(0,4)->(1,4)->(1,5)->(2,5)
k:5 count:6 cost:280
(0,0)->(0,1)->(0,2)->(0,3)->(0,4)->(1,4)->(2,4)->(2,5)

Test Case No:3
k:0 count:4 cost:393
(0,0)->(0,1)->(0,2)->(0,3)->(1,3)->(1,4)->(1,5)->(2,5)
k:1 count:4 cost:353
(0,0)->(0,1)->(0,2)->(0,3)->(1,3)->(1,4)->(2,4)->(2,5)
k:2 count:4 cost:356
(0,0)->(1,0)->(1,1)->(1,2)->(1,3)->(1,4)->(1,5)->(2,5)
k:3 count:3 cost:281
(0,0)->(0,1)->(0,2)->(1,2)->(2,2)->(2,3)->(2,4)->(2,5)
k:4 count:2 cost:279
(0,0)->(0,1)->(1,1)->(1,2)->(2,2)->(2,3)->(2,4)->(2,5)
k:5 count:3 cost:231
(0,0)->(1,0)->(1,1)->(1,2)->(2,2)->(2,3)->(2,4)->(2,5)
k:6 count:1 cost:383
(0,0)->(1,0)->(1,1)->(2,1)->(2,2)->(2,3)->(2,4)->(2,5)

Test Case No:4
k:0 count:21 cost:271
(0,0)->(1,0)->(2,0)->(2,1)->(2,2)->(2,3)->(2,4)->(2,5)

Test Case No:5
k:7 count:10 cost:508
(0,0)->(1,0)->(1,1)->(1,2)->(1,3)->(1,4)->(2,4)->(3,4)->(4,4)->(4,5)->(4,6)->(4,7)->(4,8)->(4,9)
k:8 count:31 cost:470
(0,0)->(1,0)->(1,1)->(1,2)->(1,3)->(2,3)->(2,4)->(3,4)->(4,4)->(4,5)->(4,6)->(4,7)->(4,8)->(4,9)
k:9 count:102 cost:445
(0,0)->(1,0)->(1,1)->(2,1)->(2,2)->(2,3)->(2,4)->(3,4)->(4,4)->(4,5)->(4,6)->(4,7)->(4,8)->(4,9)
k:10 count:309 cost:420
(0,0)->(1,0)->(1,1)->(1,2)->(1,3)->(1,4)->(1,5)->(2,5)->(2,6)->(2,7)->(3,7)->(3,8)->(3,9)->(4,9)
k:11 count:191 cost:397
(0,0)->(1,0)->(1,1)->(2,1)->(2,2)->(2,3)->(2,4)->(3,4)->(3,5)->(3,6)->(3,7)->(3,8)->(3,9)->(4,9)
k:12 count:72 cost:394
(0,0)->(1,0)->(1,1)->(2,1)->(2,2)->(2,3)->(2,4)->(2,5)->(2,6)->(2,7)->(3,7)->(3,8)->(3,9)->(4,9)

