Test Case No:1
k:17 count:48620 cost:422
(0,0)->(0,1)->(1,1)->(1,2)->(1,3)->(1,4)->(1,5)->(2,5)->(3,5)->(4,5)->(4,6)->(5,6)->(5,7)->(6,7)->(7,7)->(8,7)->(9,7)->(9,8)->(9,9)

Test Case No:2
k:1 count:24310 cost:582
(0,0)->(0,1)->(0,2)->(0,3)->(1,3)->(2,3)->(2,4)->(2,5)->(2,6)->(2,7)->(2,8)->(2,9)->(3,9)->(4,9)->(5,9)->(6,9)->(7,9)->(8,9)->(9,9)
k:2 count:12870 cost:565
(0,0)->(0,1)->(1,1)->(2,1)->(2,2)->(3,2)->(3,3)->(4,3)->(4,4)->(5,4)->(6,4)->(7,4)->(7,5)->(7,6)->(8,6)->(8,7)->(9,7)->(9,8)->(9,9)
k:3 count:6435 cost:623
(0,0)->(0,1)->(1,1)->(2,1)->(2,2)->(3,2)->(3,3)->(4,3)->(4,4)->(4,5)->(5,5)->(5,6)->(6,6)->(7,6)->(8,6)->(8,7)->(9,7)->(9,8)->(9,9)
k:4 count:3003 cost:671
(0,0)->(0,1)->(1,1)->(2,1)->(2,2)->(3,2)->(3,3)->(4,3)->(4,4)->(4,5)->(4,6)->(5,6)->(6,6)->(7,6)->(8,6)->(8,7)->(9,7)->(9,8)->(9,9)
k:5 count:1287 cost:687
(0,0)->(1,0)->(2,0)->(3,0)->(4,0)->(4,1)->(4,2)->(4,3)->(4,4)->(5,4)->(6,4)->(7,4)->(7,5)->(7,6)->(8,6)->(8,7)->(9,7)->(9,8)->(9,9)
k:6 count:495 cost:724
(0,0)->(0,1)->(1,1)->(2,1)->(2,2)->(3,2)->(3,3)->(4,3)->(4,4)->(4,5)->(4,6)->(4,7)->(4,8)->(5,8)->(5,9)->(6,9)->(7,9)->(8,9)->(9,9)
k:7 count:165 cost:781
(0,0)->(0,1)->(1,1)->(2,1)->(2,2)->(3,2)->(3,3)->(4,3)->(4,4)->(4,5)->(4,6)->(4,7)->(4,8)->(4,9)->(5,9)->(6,9)->(7,9)->(8,9)->(9,9)
k:8 count:45 cost:810
(0,0)->(1,0)->(2,0)->(3,0)->(4,0)->(4,1)->(4,2)->(4,3)->(4,4)->(4,5)->(4,6)->(4,7)->(5,7)->(5,8)->(5,9)->(6,9)->(7,9)->(8,9)->(9,9)
k:9 count:9 cost:846
(0,0)->(1,0)->(2,0)->(3,0)->(4,0)->(4,1)->(4,2)->(4,3)->(4,4)->(4,5)->(4,6)->(4,7)->(4,8)->(5,8)->(5,9)->(6,9)->(7,9)->(8,9)->(9,9)
k:10 count:1 cost:903
(0,0)->(1,0)->(2,0)->(3,0)->(4,0)->(4,1)->(4,2)->(4,3)->(4,4)->(4,5)->(4,6)->(4,7)->(4,8)->(4,9)->(5,9)->(6,9)->(7,9)->(8,9)->(9,9)

Test Case No:3
k:1 count:1557 cost:657
(0,0)->(1,0)->(1,1)->(1,2)->(1,3)->(1,4)->(1,5)->(2,5)->(3,5)->(4,5)->(4,6)->(5,6)->(6,6)->(6,7)->(6,8)->(6,9)->(7,9)->(8,9)->(9,9)
k:2 count:6078 cost:528
(0,0)->(0,1)->(1,1)->(1,2)->(1,3)->(1,4)->(1,5)->(2,5)->(3,5)->(4,5)->(4,6)->(5,6)->(6,6)->(6,7)->(6,8)->(6,9)->(7,9)->(8,9)->(9,9)
k:3 count:7624 cost:483
(0,0)->(0,1)->(1,1)->(2,1)->(2,2)->(2,3)->(2,4)->(2,5)->(3,5)->(4,5)->(4,6)->(5,6)->(6,6)->(6,7)->(6,8)->(6,9)->(7,9)->(8,9)->(9,9)
k:4 count:7527 cost:511
(0,0)->(0,1)->(1,1)->(2,1)->(2,2)->(2,3)->(2,4)->(3,4)->(4,4)->(4,5)->(4,6)->(5,6)->(6,6)->(6,7)->(6,8)->(6,9)->(7,9)->(8,9)->(9,9)
k:5 count:6722 cost:500
(0,0)->(0,1)->(1,1)->(1,2)->(1,3)->(1,4)->(1,5)->(2,5)->(3,5)->(4,5)->(4,6)->(5,6)->(6,6)->(7,6)->(8,6)->(9,6)->(9,7)->(9,8)->(9,9)
k:6 count:5588 cost:455
(0,0)->(0,1)->(1,1)->(2,1)->(2,2)->(2,3)->(2,4)->(2,5)->(3,5)->(4,5)->(4,6)->(5,6)->(6,6)->(7,6)->(8,6)->(9,6)->(9,7)->(9,8)->(9,9)
k:7 count:4423 cost:483
(0,0)->(0,1)->(1,1)->(2,1)->(2,2)->(2,3)->(2,4)->(3,4)->(4,4)->(4,5)->(4,6)->(5,6)->(6,6)->(7,6)->(8,6)->(9,6)->(9,7)->(9,8)->(9,9)
k:8 count:3365 cost:494
(0,0)->(0,1)->(1,1)->(2,1)->(2,2)->(2,3)->(2,4)->(2,5)->(3,5)->(4,5)->(5,5)->(6,5)->(7,5)->(7,6)->(8,6)->(9,6)->(9,7)->(9,8)->(9,9)
k:9 count:2382 cost:522
(0,0)->(0,1)->(1,1)->(2,1)->(2,2)->(2,3)->(2,4)->(3,4)->(4,4)->(4,5)->(5,5)->(6,5)->(7,5)->(7,6)->(8,6)->(9,6)->(9,7)->(9,8)->(9,9)
k:10 count:1548 cost:560
(0,0)->(0,1)->(1,1)->(2,1)->(2,2)->(2,3)->(2,4)->(3,4)->(4,4)->(5,4)->(5,5)->(6,5)->(7,5)->(7,6)->(8,6)->(9,6)->(9,7)->(9,8)->(9,9)
k:11 count:918 cost:609
(0,0)->(0,1)->(1,1)->(2,1)->(2,2)->(2,3)->(3,3)->(4,3)->(5,3)->(5,4)->(5,5)->(6,5)->(7,5)->(7,6)->(8,6)->(9,6)->(9,7)->(9,8)->(9,9)
k:12 count:498 cost:660
(0,0)->(0,1)->(0,2)->(1,2)->(1,3)->(2,3)->(3,3)->(4,3)->(5,3)->(5,4)->(5,5)->(6,5)->(7,5)->(7,6)->(8,6)->(9,6)->(9,7)->(9,8)->(9,9)
k:13 count:243 cost:715
(0,0)->(0,1)->(1,1)->(2,1)->(2,2)->(2,3)->(3,3)->(4,3)->(5,3)->(5,4)->(5,5)->(6,5)->(7,5)->(8,5)->(9,5)->(9,6)->(9,7)->(9,8)->(9,9)
k:14 count:103 cost:766
(0,0)->(0,1)->(0,2)->(1,2)->(1,3)->(2,3)->(3,3)->(4,3)->(5,3)->(5,4)->(5,5)->(6,5)->(7,5)->(8,5)->(9,5)->(9,6)->(9,7)->(9,8)->(9,9)
k:15 count:35 cost:825
(0,0)->(0,1)->(0,2)->(1,2)->(1,3)->(2,3)->(3,3)->(4,3)->(4,4)->(5,4)->(5,5)->(6,5)->(7,5)->(8,5)->(9,5)->(9,6)->(9,7)->(9,8)->(9,9)
k:16 count:8 cost:886
(0,0)->(0,1)->(0,2)->(1,2)->(1,3)->(2,3)->(3,3)->(4,3)->(4,4)->(5,4)->(6,4)->(6,5)->(7,5)->(8,5)->(9,5)->(9,6)->(9,7)->(9,8)->(9,9)
k:17 count:1 cost:953
(0,0)->(0,1)->(0,2)->(1,2)->(2,2)->(2,3)->(3,3)->(4,3)->(4,4)->(5,4)->(6,4)->(6,5)->(7,5)->(8,5)->(9,5)->(9,6)->(9,7)->(9,8)->(9,9)

Test Case No:4
k:0 count:48620 cost:409
(0,0)->(1,0)->(2,0)->(2,1)->(3,1)->(3,2)->(4,2)->(4,3)->(4,4)->(4,5)->(5,5)->(6,5)->(7,5)->(7,6)->(7,7)->(7,8)->(8,8)->(9,8)->(9,9)

Test Case No:5
k:3 count:1 cost:724
(0,0)->(1,0)->(1,1)->(1,2)->(1,3)->(1,4)->(1,5)->(1,6)->(1,7)->(2,7)->(3,7)->(4,7)->(5,7)->(6,7)->(7,7)->(7,8)->(8,8)->(9,8)->(9,9)
k:4 count:16 cost:652
(0,0)->(1,0)->(1,1)->(1,2)->(1,3)->(1,4)->(1,5)->(1,6)->(1,7)->(2,7)->(3,7)->(4,7)->(5,7)->(6,7)->(7,7)->(8,7)->(8,8)->(9,8)->(9,9)
k:5 count:117 cost:588
(0,0)->(0,1)->(1,1)->(1,2)->(1,3)->(1,4)->(1,5)->(1,6)->(1,7)->(2,7)->(3,7)->(4,7)->(5,7)->(6,7)->(7,7)->(8,7)->(8,8)->(9,8)->(9,9)
k:6 count:557 cost:627
(0,0)->(0,1)->(1,1)->(1,2)->(1,3)->(1,4)->(1,5)->(1,6)->(1,7)->(2,7)->(3,7)->(4,7)->(5,7)->(6,7)->(7,7)->(8,7)->(8,8)->(8,9)->(9,9)
k:7 count:1872 cost:593
(0,0)->(1,0)->(1,1)->(1,2)->(1,3)->(1,4)->(2,4)->(3,4)->(3,5)->(3,6)->(4,6)->(4,7)->(5,7)->(6,7)->(7,7)->(8,7)->(8,8)->(9,8)->(9,9)
k:8 count:4653 cost:529
(0,0)->(0,1)->(1,1)->(1,2)->(1,3)->(1,4)->(2,4)->(3,4)->(3,5)->(3,6)->(4,6)->(4,7)->(5,7)->(6,7)->(7,7)->(8,7)->(8,8)->(9,8)->(9,9)
k:9 count:8658 cost:485
(0,0)->(0,1)->(1,1)->(1,2)->(1,3)->(2,3)->(3,3)->(3,4)->(3,5)->(3,6)->(4,6)->(4,7)->(5,7)->(6,7)->(7,7)->(8,7)->(8,8)->(9,8)->(9,9)
k:10 count:11612 cost:510
(0,0)->(0,1)->(1,1)->(1,2)->(2,2)->(2,3)->(3,3)->(3,4)->(3,5)->(3,6)->(4,6)->(4,7)->(5,7)->(6,7)->(7,7)->(8,7)->(8,8)->(9,8)->(9,9)
k:11 count:10707 cost:519
(0,0)->(0,1)->(1,1)->(1,2)->(1,3)->(2,3)->(3,3)->(3,4)->(3,5)->(3,6)->(4,6)->(4,7)->(4,8)->(5,8)->(6,8)->(7,8)->(8,8)->(9,8)->(9,9)
k:12 count:6676 cost:518
(0,0)->(0,1)->(1,1)->(1,2)->(1,3)->(2,3)->(3,3)->(3,4)->(3,5)->(3,6)->(4,6)->(4,7)->(4,8)->(5,8)->(6,8)->(7,8)->(7,9)->(8,9)->(9,9)
k:13 count:2809 cost:543
(0,0)->(0,1)->(1,1)->(1,2)->(2,2)->(2,3)->(3,3)->(3,4)->(3,5)->(3,6)->(4,6)->(4,7)->(4,8)->(5,8)->(6,8)->(7,8)->(7,9)->(8,9)->(9,9)
k:14 count:796 cost:554
(0,0)->(0,1)->(1,1)->(2,1)->(2,2)->(2,3)->(3,3)->(3,4)->(3,5)->(3,6)->(4,6)->(4,7)->(4,8)->(5,8)->(6,8)->(7,8)->(7,9)->(8,9)->(9,9)
k:15 count:136 cost:591
(0,0)->(0,1)->(1,1)->(2,1)->(2,2)->(2,3)->(3,3)->(3,4)->(4,4)->(4,5)->(4,6)->(4,7)->(4,8)->(5,8)->(6,8)->(7,8)->(7,9)->(8,9)->(9,9)
k:16 count:10 cost:678
(0,0)->(0,1)->(1,1)->(2,1)->(2,2)->(2,3)->(3,3)->(3,4)->(4,4)->(4,5)->(4,6)->(4,7)->(4,8)->(5,8)->(5,9)->(6,9)->(7,9)->(8,9)->(9,9)

